<?xml version="1.0" encoding="UTF-8"?>
<testsuite xmlns:xsi="http://www.w3.org/2001/XMLSchema-instance" xsi:noNamespaceSchemaLocation="https://maven.apache.org/surefire/maven-surefire-plugin/xsd/surefire-test-report-3.0.xsd" version="3.0" name="TestSuite" time="3.815" tests="9" errors="0" skipped="0" failures="0">
  <properties>
    <property name="surefire.suiteXmlFiles" value="testng.xml"/>
    <property name="java.specification.version" value="21"/>
    <property name="sun.cpu.isalist" value="amd64"/>
    <property name="sun.jnu.encoding" value="Cp1252"/>
    <property name="java.class.path" value="D:\bookstore-api-tests\target\test-classes;D:\bookstore-api-tests\target\classes;C:\Users\shiva\.m2\repository\io\rest-assured\rest-assured\5.3.0\rest-assured-5.3.0.jar;C:\Users\shiva\.m2\repository\org\apache\groovy\groovy\4.0.6\groovy-4.0.6.jar;C:\Users\shiva\.m2\repository\org\apache\groovy\groovy-xml\4.0.6\groovy-xml-4.0.6.jar;C:\Users\shiva\.m2\repository\org\apache\httpcomponents\httpclient\4.5.13\httpclient-4.5.13.jar;C:\Users\shiva\.m2\repository\org\apache\httpcomponents\httpcore\4.4.13\httpcore-4.4.13.jar;C:\Users\shiva\.m2\repository\commons-logging\commons-logging\1.2\commons-logging-1.2.jar;C:\Users\shiva\.m2\repository\commons-codec\commons-codec\1.11\commons-codec-1.11.jar;C:\Users\shiva\.m2\repository\org\apache\httpcomponents\httpmime\4.5.13\httpmime-4.5.13.jar;C:\Users\shiva\.m2\repository\org\hamcrest\hamcrest\2.1\hamcrest-2.1.jar;C:\Users\shiva\.m2\repository\org\ccil\cowan\tagsoup\tagsoup\1.2.1\tagsoup-1.2.1.jar;C:\Users\shiva\.m2\repository\io\rest-assured\json-path\5.3.0\json-path-5.3.0.jar;C:\Users\shiva\.m2\repository\org\apache\groovy\groovy-json\4.0.6\groovy-json-4.0.6.jar;C:\Users\shiva\.m2\repository\io\rest-assured\rest-assured-common\5.3.0\rest-assured-common-5.3.0.jar;C:\Users\shiva\.m2\repository\io\rest-assured\xml-path\5.3.0\xml-path-5.3.0.jar;C:\Users\shiva\.m2\repository\org\testng\testng\7.9.0\testng-7.9.0.jar;C:\Users\shiva\.m2\repository\org\slf4j\slf4j-api\1.7.36\slf4j-api-1.7.36.jar;C:\Users\shiva\.m2\repository\com\beust\jcommander\1.82\jcommander-1.82.jar;C:\Users\shiva\.m2\repository\org\webjars\jquery\3.7.1\jquery-3.7.1.jar;C:\Users\shiva\.m2\repository\io\qameta\allure\allure-testng\2.23.0\allure-testng-2.23.0.jar;C:\Users\shiva\.m2\repository\io\qameta\allure\allure-java-commons\2.23.0\allure-java-commons-2.23.0.jar;C:\Users\shiva\.m2\repository\io\qameta\allure\allure-model\2.23.0\allure-model-2.23.0.jar;C:\Users\shiva\.m2\repository\io\qameta\allure\allure-test-filter\2.23.0\allure-test-filter-2.23.0.jar;C:\Users\shiva\.m2\repository\com\fasterxml\jackson\core\jackson-databind\2.16.1\jackson-databind-2.16.1.jar;C:\Users\shiva\.m2\repository\com\fasterxml\jackson\core\jackson-annotations\2.16.1\jackson-annotations-2.16.1.jar;C:\Users\shiva\.m2\repository\com\fasterxml\jackson\core\jackson-core\2.16.1\jackson-core-2.16.1.jar;C:\Users\shiva\.m2\repository\com\github\javafaker\javafaker\1.0.2\javafaker-1.0.2.jar;C:\Users\shiva\.m2\repository\org\apache\commons\commons-lang3\3.5\commons-lang3-3.5.jar;C:\Users\shiva\.m2\repository\org\yaml\snakeyaml\1.23\snakeyaml-1.23-android.jar;C:\Users\shiva\.m2\repository\com\github\mifmif\generex\1.0.2\generex-1.0.2.jar;C:\Users\shiva\.m2\repository\dk\brics\automaton\automaton\1.11-8\automaton-1.11-8.jar;C:\Users\shiva\.m2\repository\org\slf4j\slf4j-simple\2.0.9\slf4j-simple-2.0.9.jar;"/>
    <property name="java.vm.vendor" value="Eclipse Adoptium"/>
    <property name="sun.arch.data.model" value="64"/>
    <property name="user.variant" value=""/>
    <property name="java.vendor.url" value="https://adoptium.net/"/>
    <property name="user.timezone" value="Asia/Calcutta"/>
    <property name="os.name" value="Windows 11"/>
    <property name="java.vm.specification.version" value="21"/>
    <property name="sun.java.launcher" value="SUN_STANDARD"/>
    <property name="user.country" value="IN"/>
    <property name="sun.boot.library.path" value="C:\Program Files\Eclipse Adoptium\jdk-21.0.7.6-hotspot\bin"/>
    <property name="sun.java.command" value="C:\Users\shiva\AppData\Local\Temp\surefire5101270189255858326\surefirebooter-20250721094421034_3.jar C:\Users\shiva\AppData\Local\Temp\surefire5101270189255858326 2025-07-21T09-44-20_930-jvmRun1 surefire-20250721094421034_1tmp surefire_0-20250721094421034_2tmp"/>
    <property name="jdk.debug" value="release"/>
    <property name="surefire.test.class.path" value="D:\bookstore-api-tests\target\test-classes;D:\bookstore-api-tests\target\classes;C:\Users\shiva\.m2\repository\io\rest-assured\rest-assured\5.3.0\rest-assured-5.3.0.jar;C:\Users\shiva\.m2\repository\org\apache\groovy\groovy\4.0.6\groovy-4.0.6.jar;C:\Users\shiva\.m2\repository\org\apache\groovy\groovy-xml\4.0.6\groovy-xml-4.0.6.jar;C:\Users\shiva\.m2\repository\org\apache\httpcomponents\httpclient\4.5.13\httpclient-4.5.13.jar;C:\Users\shiva\.m2\repository\org\apache\httpcomponents\httpcore\4.4.13\httpcore-4.4.13.jar;C:\Users\shiva\.m2\repository\commons-logging\commons-logging\1.2\commons-logging-1.2.jar;C:\Users\shiva\.m2\repository\commons-codec\commons-codec\1.11\commons-codec-1.11.jar;C:\Users\shiva\.m2\repository\org\apache\httpcomponents\httpmime\4.5.13\httpmime-4.5.13.jar;C:\Users\shiva\.m2\repository\org\hamcrest\hamcrest\2.1\hamcrest-2.1.jar;C:\Users\shiva\.m2\repository\org\ccil\cowan\tagsoup\tagsoup\1.2.1\tagsoup-1.2.1.jar;C:\Users\shiva\.m2\repository\io\rest-assured\json-path\5.3.0\json-path-5.3.0.jar;C:\Users\shiva\.m2\repository\org\apache\groovy\groovy-json\4.0.6\groovy-json-4.0.6.jar;C:\Users\shiva\.m2\repository\io\rest-assured\rest-assured-common\5.3.0\rest-assured-common-5.3.0.jar;C:\Users\shiva\.m2\repository\io\rest-assured\xml-path\5.3.0\xml-path-5.3.0.jar;C:\Users\shiva\.m2\repository\org\testng\testng\7.9.0\testng-7.9.0.jar;C:\Users\shiva\.m2\repository\org\slf4j\slf4j-api\1.7.36\slf4j-api-1.7.36.jar;C:\Users\shiva\.m2\repository\com\beust\jcommander\1.82\jcommander-1.82.jar;C:\Users\shiva\.m2\repository\org\webjars\jquery\3.7.1\jquery-3.7.1.jar;C:\Users\shiva\.m2\repository\io\qameta\allure\allure-testng\2.23.0\allure-testng-2.23.0.jar;C:\Users\shiva\.m2\repository\io\qameta\allure\allure-java-commons\2.23.0\allure-java-commons-2.23.0.jar;C:\Users\shiva\.m2\repository\io\qameta\allure\allure-model\2.23.0\allure-model-2.23.0.jar;C:\Users\shiva\.m2\repository\io\qameta\allure\allure-test-filter\2.23.0\allure-test-filter-2.23.0.jar;C:\Users\shiva\.m2\repository\com\fasterxml\jackson\core\jackson-databind\2.16.1\jackson-databind-2.16.1.jar;C:\Users\shiva\.m2\repository\com\fasterxml\jackson\core\jackson-annotations\2.16.1\jackson-annotations-2.16.1.jar;C:\Users\shiva\.m2\repository\com\fasterxml\jackson\core\jackson-core\2.16.1\jackson-core-2.16.1.jar;C:\Users\shiva\.m2\repository\com\github\javafaker\javafaker\1.0.2\javafaker-1.0.2.jar;C:\Users\shiva\.m2\repository\org\apache\commons\commons-lang3\3.5\commons-lang3-3.5.jar;C:\Users\shiva\.m2\repository\org\yaml\snakeyaml\1.23\snakeyaml-1.23-android.jar;C:\Users\shiva\.m2\repository\com\github\mifmif\generex\1.0.2\generex-1.0.2.jar;C:\Users\shiva\.m2\repository\dk\brics\automaton\automaton\1.11-8\automaton-1.11-8.jar;C:\Users\shiva\.m2\repository\org\slf4j\slf4j-simple\2.0.9\slf4j-simple-2.0.9.jar;"/>
    <property name="allure.results.directory" value="target/allure-results"/>
    <property name="sun.cpu.endian" value="little"/>
    <property name="user.home" value="C:\Users\shiva"/>
    <property name="user.language" value="en"/>
    <property name="java.specification.vendor" value="Oracle Corporation"/>
    <property name="java.version.date" value="2025-04-15"/>
    <property name="java.home" value="C:\Program Files\Eclipse Adoptium\jdk-21.0.7.6-hotspot"/>
    <property name="file.separator" value="\"/>
    <property name="basedir" value="D:\bookstore-api-tests"/>
    <property name="java.vm.compressedOopsMode" value="Zero based"/>
    <property name="line.separator" value="&#10;"/>
    <property name="java.vm.specification.vendor" value="Oracle Corporation"/>
    <property name="java.specification.name" value="Java Platform API Specification"/>
    <property name="surefire.real.class.path" value="C:\Users\shiva\AppData\Local\Temp\surefire5101270189255858326\surefirebooter-20250721094421034_3.jar"/>
    <property name="user.script" value=""/>
    <property name="sun.management.compiler" value="HotSpot 64-Bit Tiered Compilers"/>
    <property name="java.runtime.version" value="21.0.7+6-LTS"/>
    <property name="user.name" value="shiva"/>
    <property name="stdout.encoding" value="Cp1252"/>
    <property name="path.separator" value=";"/>
    <property name="os.version" value="10.0"/>
    <property name="java.runtime.name" value="OpenJDK Runtime Environment"/>
    <property name="file.encoding" value="UTF-8"/>
    <property name="java.vm.name" value="OpenJDK 64-Bit Server VM"/>
    <property name="java.vendor.version" value="Temurin-21.0.7+6"/>
    <property name="localRepository" value="C:\Users\shiva\.m2\repository"/>
    <property name="java.vendor.url.bug" value="https://github.com/adoptium/adoptium-support/issues"/>
    <property name="java.io.tmpdir" value="C:\Users\shiva\AppData\Local\Temp\"/>
    <property name="java.version" value="21.0.7"/>
    <property name="user.dir" value="D:\bookstore-api-tests"/>
    <property name="os.arch" value="amd64"/>
    <property name="java.vm.specification.name" value="Java Virtual Machine Specification"/>
    <property name="sun.os.patch.level" value=""/>
    <property name="native.encoding" value="Cp1252"/>
    <property name="java.library.path" value="C:\Program Files\Eclipse Adoptium\jdk-21.0.7.6-hotspot\bin;C:\WINDOWS\Sun\Java\bin;C:\WINDOWS\system32;C:\WINDOWS;C:\Program Files\Eclipse Adoptium\jdk-21.0.7.6-hotspot\bin;C:\Program Files\Eclipse Adoptium\jdk-8.0.452.9-hotspot\bin;C:\Program Files (x86)\Common Files\Oracle\Java\javapath;C:\WINDOWS\system32;C:\WINDOWS;C:\WINDOWS\System32\Wbem;C:\WINDOWS\System32\WindowsPowerShell\v1.0\;C:\WINDOWS\System32\OpenSSH\;C:\Program Files\Amazon\AWSCLIV2\;C:\Program Files\Git\cmd;C:\Program Files\nodejs\;C:\Program Files (x86)\Microsoft SQL Server\160\Tools\Binn\;C:\Program Files\Microsoft SQL Server\160\Tools\Binn\;C:\Program Files\Microsoft SQL Server\Client SDK\ODBC\170\Tools\Binn\;C:\Program Files\Microsoft SQL Server\160\DTS\Binn\;C:\Program Files (x86)\Microsoft SQL Server\160\DTS\Binn\;D:\apache-maven-3.9.11-bin\apache-maven-3.9.11\bin;C:\Users\shiva\scoop\shims;C:\Users\shiva\AppData\Local\Programs\Python\Python312\Scripts\;C:\Users\shiva\AppData\Local\Programs\Python\Python312\;C:\Users\shiva\AppData\Local\Programs\Python\Launcher\;C:\Users\shiva\AppData\Local\Microsoft\WindowsApps;C:\Users\shiva\AppData\Local\Programs\Microsoft VS Code\bin;C:\Users\shiva\AppData\Roaming\npm;C:\Users\shiva\AppData\Local\Programs\Ollama;C:\Users\shiva\AppData\Local\Programs\Ollama\;;c:\Users\shiva\.vscode\extensions\ms-python.debugpy-2025.10.0-win32-x64\bundled\scripts\noConfigScripts;c:\Users\shiva\AppData\Roaming\Code\User\globalStorage\github.copilot-chat\debugCommand;."/>
    <property name="java.vm.info" value="mixed mode, sharing"/>
    <property name="stderr.encoding" value="Cp1252"/>
    <property name="java.vendor" value="Eclipse Adoptium"/>
    <property name="java.vm.version" value="21.0.7+6-LTS"/>
    <property name="sun.io.unicode.encoding" value="UnicodeLittle"/>
    <property name="java.class.version" value="65.0"/>
  </properties>
  <testcase name="loginWithVariousData[{email=shiva@jk.com, password=pass1234}, 400](1)" classname="tests.AuthData" time="1.909">
    <system-out><![CDATA[Status Code: 400
Response for payload: {email=shiva@jk.com, password=pass1234} -> {"detail":"Incorrect email or password"}
]]></system-out>
    <system-err><![CDATA[SLF4J: Failed to load class "org.slf4j.impl.StaticLoggerBinder".
SLF4J: Defaulting to no-operation (NOP) logger implementation
SLF4J: See http://www.slf4j.org/codes.html#StaticLoggerBinder for further details.
]]></system-err>
  </testcase>
  <testcase name="loginWithVariousData[{email=shiva@jk.com}, 500](2)" classname="tests.AuthData" time="0.029">
    <system-out><![CDATA[Status Code: 500
Response for payload: {email=shiva@jk.com} -> Internal Server Error
Skipping Content-Type validation for status code: 500
]]></system-out>
    <system-err><![CDATA[Internal Server Error:
Internal Server Error
]]></system-err>
  </testcase>
  <testcase name="loginWithVariousData[{email=shiva@jk.com, password=pass123}, 200](3)" classname="tests.AuthData" time="0.24">
    <system-out><![CDATA[Status Code: 200
Response for payload: {email=shiva@jk.com, password=pass123} -> {"access_token":"eyJhbGciOiJIUzI1NiIsInR5cCI6IkpXVCJ9.eyJzdWIiOiJzaGl2YUBqay5jb20iLCJleHAiOjE3NTMwNzMwNjR9.TEbWL3wyOm7BldJHpoA71jss2nwaopDUKwx5XqcTWa8","token_type":"bearer"}
]]></system-out>
  </testcase>
  <testcase name="createBookWithValidRandomData" classname="tests.CreateBook" time="0.197"/>
  <testcase name="createBookWithMissingName" classname="tests.CreateBookMissingName" time="0.02"/>
  <testcase name="createBookWithPreviousYear" classname="tests.CreateBookPreviousYear" time="0.039"/>
  <testcase name="updateBookFromJson" classname="tests.UpdateBookTest" time="0.058"/>
  <testcase name="testFullBookFlow" classname="tests.ValidateCreateUpdateGetDeleteBook" time="0.15"/>
  <testcase name="testDeleteBookAndVerifyNotFound" classname="tests.DeleteBookTest" time="0.071"/>
</testsuite>