<?xml version="1.0" encoding="UTF-8"?>
<!-- Generated by org.testng.reporters.JUnitReportReporter -->
<testsuite hostname="Black-Ops" failures="0" tests="1" name="tests.DeleteBookTest" time="0.071" errors="0" timestamp="2025-07-21T09:44:25 IST" skipped="0">
  <testcase classname="tests.DeleteBookTest" name="testDeleteBookAndVerifyNotFound" time="0.071"/>
</testsuite> <!-- tests.DeleteBookTest -->
