<?xml version="1.0" encoding="UTF-8"?>
<!-- Generated by org.testng.reporters.JUnitReportReporter -->
<testsuite hostname="Black-Ops" failures="0" tests="3" name="tests.AuthData" time="2.126" errors="0" timestamp="2025-07-21T09:44:25 IST" skipped="0">
  <testcase classname="tests.AuthData" name="loginWithVariousData" time="0.244"/>
  <testcase classname="tests.AuthData" name="loginWithVariousData" time="0.023"/>
  <testcase classname="tests.AuthData" name="loginWithVariousData" time="1.859"/>
</testsuite> <!-- tests.AuthData -->
