<?xml version="1.0" encoding="UTF-8"?>
<!-- Generated by org.testng.reporters.JUnitReportReporter -->
<testsuite hostname="Black-Ops" failures="0" tests="1" name="tests.ValidateCreateUpdateGetDeleteBook" time="0.148" errors="0" timestamp="2025-07-21T09:44:25 IST" skipped="0">
  <testcase classname="tests.ValidateCreateUpdateGetDeleteBook" name="testFullBookFlow" time="0.148"/>
</testsuite> <!-- tests.ValidateCreateUpdateGetDeleteBook -->
