<?xml version="1.0" encoding="UTF-8"?>
<!-- Generated by org.testng.reporters.JUnitReportReporter -->
<testsuite hostname="Black-Ops" failures="0" tests="1" name="tests.CreateBook" time="0.195" errors="0" timestamp="2025-07-21T09:44:25 IST" skipped="0">
  <testcase classname="tests.CreateBook" name="createBookWithValidRandomData" time="0.195"/>
</testsuite> <!-- tests.CreateBook -->
