<?xml version="1.0" encoding="UTF-8"?>
<!-- Generated by org.testng.reporters.JUnitReportReporter -->
<testsuite hostname="Black-Ops" failures="0" tests="1" name="tests.CreateBookPreviousYear" time="0.039" errors="0" timestamp="2025-07-21T09:44:25 IST" skipped="0">
  <testcase classname="tests.CreateBookPreviousYear" name="createBookWithPreviousYear" time="0.039"/>
</testsuite> <!-- tests.CreateBookPreviousYear -->
